<?xml version="1.0" encoding="UTF-8"?>
<testsuites tests="5" failures="0" disabled="0" errors="0" timestamp="2025-11-29T18:46:55" time="0.001" name="AllTests">
  <testsuite name="Calculator" tests="5" failures="0" disabled="0" errors="0" time="0">
    <testcase name="AddTwoNumbers" status="run" time="0" classname="Calculator" />
    <testcase name="MinusTwoNumbers" status="run" time="0" classname="Calculator" />
    <testcase name="MultipleTwoNumbers" status="run" time="0" classname="Calculator" />
    <testcase name="DivideTwoNumbers" status="run" time="0" classname="Calculator" />
    <testcase name="ModuleTwoNumbers" status="run" time="0" classname="Calculator" />
  </testsuite>
</testsuites>
